c:\users\rig03\source\repos\cudaruntime1\cudaruntime1\x64\release\vc142.pdb
c:\users\rig03\source\repos\bishbash\cudaruntime1\cudaruntime1\x64\release\vc142.pdb
c:\users\rig03\source\repos\bishbash\cudaruntime1\cudaruntime1\x64\release\wsainitializer.obj
c:\users\rig03\source\repos\bishbash\cudaruntime1\cudaruntime1\x64\release\wrapnvml.obj
c:\users\rig03\source\repos\bishbash\cudaruntime1\cudaruntime1\x64\release\wraphelper.obj
c:\users\rig03\source\repos\bishbash\cudaruntime1\cudaruntime1\x64\release\wrapadl.obj
c:\users\rig03\source\repos\bishbash\cudaruntime1\cudaruntime1\x64\release\utilstrencodings.obj
c:\users\rig03\source\repos\bishbash\cudaruntime1\cudaruntime1\x64\release\progpow.obj
c:\users\rig03\source\repos\bishbash\cudaruntime1\cudaruntime1\x64\release\fixedhash.obj
c:\users\rig03\source\repos\bishbash\cudaruntime1\cudaruntime1\x64\release\commondata.obj
c:\users\rig03\source\repos\bishbash\cudaruntime1\cudaruntime1\x64\release\arith_uint256.obj
c:\users\rig03\source\repos\bishbash\cudaruntime1\cudaruntime1\x64\release\client.obj
c:\users\rig03\source\repos\bishbash\cudaruntime1\cudaruntime1\x64\release\json_writer.obj
c:\users\rig03\source\repos\bishbash\cudaruntime1\cudaruntime1\x64\release\json_reader.obj
c:\users\rig03\source\repos\bishbash\cudaruntime1\cudaruntime1\x64\release\uint256.obj
c:\users\rig03\source\repos\bishbash\cudaruntime1\cudaruntime1\x64\release\json_value.obj
c:\users\rig03\source\repos\bishbash\cudaruntime1\cudaruntime1\x64\release\buildinfo.obj
c:\users\rig03\source\repos\bishbash\cudaruntime1\cudaruntime1\x64\release\cudamedi_cuda.cu.obj
c:\users\rig03\source\repos\bishbash\cudaruntime1\cudaruntime1\x64\release\kernel.cu.obj
c:\users\rig03\source\repos\bishbash\cudaruntime1\x64\release\cudaruntime1.lib
c:\users\rig03\source\repos\bishbash\cudaruntime1\x64\release\cudaruntime1.exp
c:\users\rig03\source\repos\bishbash\cudaruntime1\cudaruntime1\x64\release\cudamedi_cuda.cu.cache
c:\users\rig03\source\repos\bishbash\cudaruntime1\cudaruntime1\x64\release\kernel.cu.cache
c:\users\rig03\source\repos\bishbash\cudaruntime1\cudaruntime1\x64\release\aaaaa.obj
c:\users\rig03\source\repos\bishbash\cudaruntime1\cudaruntime1\x64\release\bishbash.obj
c:\users\rig03\source\repos\bishbash\cudaruntime1\cudaruntime1\x64\release\cudaruntime1.ipdb
c:\users\rig03\source\repos\bishbash\cudaruntime1\cudaruntime1\x64\release\cudaruntime1.iobj
c:\users\rig03\source\repos\bishbash\cudaruntime1\x64\release\cudaruntime1.pdb
c:\users\rig03\source\repos\bishbash\cudaruntime1\cudaruntime1\x64\release\cudaruntime1.tlog\cl.command.1.tlog
c:\users\rig03\source\repos\bishbash\cudaruntime1\cudaruntime1\x64\release\cudaruntime1.tlog\cl.read.1.tlog
c:\users\rig03\source\repos\bishbash\cudaruntime1\cudaruntime1\x64\release\cudaruntime1.tlog\cl.write.1.tlog
c:\users\rig03\source\repos\bishbash\cudaruntime1\cudaruntime1\x64\release\cudaruntime1.tlog\cudacompile.read.1u.tlog
c:\users\rig03\source\repos\bishbash\cudaruntime1\cudaruntime1\x64\release\cudaruntime1.tlog\cudacompile.write.1u.tlog
c:\users\rig03\source\repos\bishbash\cudaruntime1\cudaruntime1\x64\release\cudaruntime1.tlog\cudaruntime1.write.1u.tlog
c:\users\rig03\source\repos\bishbash\cudaruntime1\cudaruntime1\x64\release\cudaruntime1.tlog\link-cvtres.read.1.tlog
c:\users\rig03\source\repos\bishbash\cudaruntime1\cudaruntime1\x64\release\cudaruntime1.tlog\link-cvtres.write.1.tlog
c:\users\rig03\source\repos\bishbash\cudaruntime1\cudaruntime1\x64\release\cudaruntime1.tlog\link-rc.read.1.tlog
c:\users\rig03\source\repos\bishbash\cudaruntime1\cudaruntime1\x64\release\cudaruntime1.tlog\link-rc.write.1.tlog
c:\users\rig03\source\repos\bishbash\cudaruntime1\cudaruntime1\x64\release\cudaruntime1.tlog\link.command.1.tlog
c:\users\rig03\source\repos\bishbash\cudaruntime1\cudaruntime1\x64\release\cudaruntime1.tlog\link.read.1.tlog
c:\users\rig03\source\repos\bishbash\cudaruntime1\cudaruntime1\x64\release\cudaruntime1.tlog\link.read.31.tlog
c:\users\rig03\source\repos\bishbash\cudaruntime1\cudaruntime1\x64\release\cudaruntime1.tlog\link.write.1.tlog
